<?xml version="1.0" encoding="UTF-8"?>
<!-- Generated by org.testng.reporters.JUnitReportReporter -->
<testsuite skipped="0" hostname="DESKTOP-C70N1KI" name="com.appium.practice.browserstack" tests="1" failures="0" timestamp="28 Oct 2020 09:10:14 GMT" time="24.903" errors="0">
  <testcase name="insectapp2" time="24.903" classname="com.appium.practice.browserstack"/>
</testsuite> <!-- com.appium.practice.browserstack -->
