<?xml version="1.0" encoding="UTF-8"?>
<!-- Generated by org.testng.reporters.JUnitReportReporter -->
<testsuite skipped="0" hostname="DESKTOP-C70N1KI" name="com.appium.gesture.swipe" tests="1" failures="0" timestamp="22 Oct 2020 11:51:54 GMT" time="18.013" errors="0">
  <testcase name="insectapp4" time="18.013" classname="com.appium.gesture.swipe"/>
</testsuite> <!-- com.appium.gesture.swipe -->
