<?xml version="1.0" encoding="UTF-8"?>
<!-- Generated by org.testng.reporters.JUnitReportReporter -->
<testsuite skipped="0" hostname="DESKTOP-C70N1KI" name="com.appium.gesture.Draganddropio" tests="1" failures="0" timestamp="25 Oct 2020 07:10:12 GMT" time="37.058" errors="0">
  <testcase name="insectapp2" time="37.058" classname="com.appium.gesture.Draganddropio"/>
</testsuite> <!-- com.appium.gesture.Draganddropio -->
