<?xml version="1.0" encoding="UTF-8"?>
<!-- Generated by org.testng.reporters.JUnitReportReporter -->
<testsuite skipped="0" hostname="DESKTOP-C70N1KI" name="com.appium.practice.notifation" tests="1" failures="0" timestamp="26 Oct 2020 07:38:29 GMT" time="40.292" errors="0">
  <testcase name="insectapp54" time="40.292" classname="com.appium.practice.notifation"/>
</testsuite> <!-- com.appium.practice.notifation -->
