<?xml version="1.0" encoding="UTF-8"?>
<!-- Generated by org.testng.reporters.JUnitReportReporter -->
<testsuite skipped="0" hostname="DESKTOP-C70N1KI" name="com.appium.gesture.zoommulti" tests="1" failures="0" timestamp="25 Oct 2020 08:42:46 GMT" time="24.185" errors="0">
  <testcase name="insectapp4" time="24.185" classname="com.appium.gesture.zoommulti"/>
</testsuite> <!-- com.appium.gesture.zoommulti -->
