<?xml version="1.0" encoding="UTF-8"?>
<!-- Generated by org.testng.reporters.JUnitReportReporter -->
<testsuite skipped="0" hostname="DESKTOP-C70N1KI" name="com.appium.practice.remove" tests="1" failures="0" timestamp="26 Oct 2020 08:07:57 GMT" time="19.063" errors="0">
  <testcase name="oppencal" time="19.063" classname="com.appium.practice.remove"/>
</testsuite> <!-- com.appium.practice.remove -->
