<?xml version="1.0" encoding="UTF-8"?>
<!-- Generated by org.testng.reporters.JUnitReportReporter -->
<testsuite skipped="0" hostname="DESKTOP-C70N1KI" name="com.appium.practice.appiumapp5" tests="1" failures="0" timestamp="26 Oct 2020 07:58:12 GMT" time="21.702" errors="0">
  <testcase name="insectapp2" time="21.702" classname="com.appium.practice.appiumapp5"/>
</testsuite> <!-- com.appium.practice.appiumapp5 -->
