<?xml version="1.0" encoding="UTF-8"?>
<!-- Generated by org.testng.reporters.JUnitReportReporter -->
<testsuite skipped="0" hostname="DESKTOP-C70N1KI" name="com.appium.practice.vooniktest" tests="1" failures="0" timestamp="22 Oct 2020 11:19:33 GMT" time="28.942" errors="0">
  <testcase name="insectapp3" time="28.942" classname="com.appium.practice.vooniktest"/>
</testsuite> <!-- com.appium.practice.vooniktest -->
