<?xml version="1.0" encoding="UTF-8"?>
<!-- Generated by org.testng.reporters.JUnitReportReporter -->
<testsuite skipped="0" hostname="DESKTOP-C70N1KI" name="com.appium.gesture.voonikscrool" tests="1" failures="0" timestamp="25 Oct 2020 17:49:38 GMT" time="44.874" errors="0">
  <testcase name="insectapp3" time="44.874" classname="com.appium.gesture.voonikscrool"/>
</testsuite> <!-- com.appium.gesture.voonikscrool -->
