<?xml version="1.0" encoding="UTF-8"?>
<!-- Generated by org.testng.reporters.JUnitReportReporter -->
<testsuite skipped="0" hostname="DESKTOP-C70N1KI" name="genericlib1.Volumebright" tests="1" failures="0" timestamp="26 Oct 2020 06:35:11 GMT" time="20.495" errors="0">
  <testcase name="oppencal" time="20.495" classname="genericlib1.Volumebright"/>
</testsuite> <!-- genericlib1.Volumebright -->
