<?xml version="1.0" encoding="UTF-8"?>
<!-- Generated by org.testng.reporters.JUnitReportReporter -->
<testsuite skipped="0" hostname="DESKTOP-C70N1KI" name="genericlib.Checkbox1" tests="1" failures="0" timestamp="24 Oct 2020 17:48:29 GMT" time="34.542" errors="0">
  <testcase name="insectapp10" time="34.542" classname="genericlib.Checkbox1"/>
</testsuite> <!-- genericlib.Checkbox1 -->
