<?xml version="1.0" encoding="UTF-8"?>
<!-- Generated by org.testng.reporters.JUnitReportReporter -->
<testsuite skipped="0" hostname="DESKTOP-C70N1KI" name="com.appium.gesture.Dragdrop" tests="1" failures="0" timestamp="25 Oct 2020 07:17:06 GMT" time="32.693" errors="0">
  <testcase name="insectapp7" time="32.693" classname="com.appium.gesture.Dragdrop"/>
</testsuite> <!-- com.appium.gesture.Dragdrop -->
