<?xml version="1.0" encoding="UTF-8"?>
<!-- Generated by org.testng.reporters.JUnitReportReporter -->
<testsuite skipped="0" hostname="DESKTOP-C70N1KI" name="com.appium.gesture.selectio" tests="1" failures="0" timestamp="25 Oct 2020 07:56:03 GMT" time="32.067" errors="0">
  <testcase name="insectapp2" time="32.067" classname="com.appium.gesture.selectio"/>
</testsuite> <!-- com.appium.gesture.selectio -->
