<?xml version="1.0" encoding="UTF-8"?>
<!-- Generated by org.testng.reporters.JUnitReportReporter -->
<testsuite skipped="0" hostname="DESKTOP-C70N1KI" name="com.appium.practice.inspectapp" tests="1" failures="0" timestamp="25 Oct 2020 18:11:31 GMT" time="23.961" errors="0">
  <testcase name="insectapp2" time="23.961" classname="com.appium.practice.inspectapp"/>
</testsuite> <!-- com.appium.practice.inspectapp -->
