<?xml version="1.0" encoding="UTF-8"?>
<!-- Generated by org.testng.reporters.JUnitReportReporter -->
<testsuite skipped="0" hostname="DESKTOP-C70N1KI" name="com.appium.practice.ThirdTest" tests="1" failures="0" timestamp="22 Oct 2020 06:54:05 GMT" time="38.446" errors="0">
  <testcase name="oppencal" time="38.446" classname="com.appium.practice.ThirdTest"/>
</testsuite> <!-- com.appium.practice.ThirdTest -->
