<?xml version="1.0" encoding="UTF-8"?>
<!-- Generated by org.testng.reporters.JUnitReportReporter -->
<testsuite skipped="0" hostname="DESKTOP-C70N1KI" name="com.appium.practice.settingcon" tests="1" failures="0" timestamp="28 Oct 2020 12:14:16 GMT" time="47.358" errors="0">
  <testcase name="insectapp51" time="47.358" classname="com.appium.practice.settingcon"/>
</testsuite> <!-- com.appium.practice.settingcon -->
