<?xml version="1.0" encoding="UTF-8"?>
<!-- Generated by org.testng.reporters.JUnitReportReporter -->
<testsuite skipped="0" hostname="DESKTOP-C70N1KI" name="com.appium.gesture.voonikscrool" tests="1" failures="0" timestamp="25 Oct 2020 08:28:12 GMT" time="37.092" errors="0">
  <testcase name="insectapp3" time="37.092" classname="com.appium.gesture.voonikscrool"/>
</testsuite> <!-- com.appium.gesture.voonikscrool -->
