<?xml version="1.0" encoding="UTF-8"?>
<!-- Generated by org.testng.reporters.JUnitReportReporter -->
<testsuite skipped="0" hostname="DESKTOP-C70N1KI" name="com.appium.gesture.swip2" tests="1" failures="0" timestamp="25 Oct 2020 08:15:11 GMT" time="17.725" errors="0">
  <testcase name="insectapp5" time="17.725" classname="com.appium.gesture.swip2"/>
</testsuite> <!-- com.appium.gesture.swip2 -->
