<?xml version="1.0" encoding="UTF-8"?>
<!-- Generated by org.testng.reporters.JUnitReportReporter -->
<testsuite skipped="0" hostname="DESKTOP-C70N1KI" name="com.appium.gesture.selectio" tests="1" failures="0" timestamp="23 Nov 2020 14:44:22 GMT" time="36.006" errors="0">
  <testcase name="insectapp2" time="36.006" classname="com.appium.gesture.selectio"/>
</testsuite> <!-- com.appium.gesture.selectio -->
