<?xml version="1.0" encoding="UTF-8"?>
<!-- Generated by org.testng.reporters.JUnitReportReporter -->
<testsuite skipped="0" hostname="DESKTOP-C70N1KI" name="com.appium.gesture.Swip3" tests="1" failures="0" timestamp="25 Oct 2020 08:22:18 GMT" time="17.549" errors="0">
  <testcase name="insectapp6" time="17.549" classname="com.appium.gesture.Swip3"/>
</testsuite> <!-- com.appium.gesture.Swip3 -->
