<?xml version="1.0" encoding="UTF-8"?>
<!-- Generated by org.testng.reporters.JUnitReportReporter -->
<testsuite skipped="0" hostname="DESKTOP-C70N1KI" name="genericlib.Finger3" tests="1" failures="0" timestamp="24 Oct 2020 11:10:34 GMT" time="17.403" errors="0">
  <testcase name="insectapp5" time="17.403" classname="genericlib.Finger3"/>
</testsuite> <!-- genericlib.Finger3 -->
