<?xml version="1.0" encoding="UTF-8"?>
<!-- Generated by org.testng.reporters.JUnitReportReporter -->
<testsuite skipped="0" hostname="DESKTOP-C70N1KI" name="webappstest.chrome" tests="1" failures="0" timestamp="27 Oct 2020 07:51:13 GMT" time="42.259" errors="0">
  <testcase name="oppencal51" time="42.259" classname="webappstest.chrome"/>
</testsuite> <!-- webappstest.chrome -->
