<?xml version="1.0" encoding="UTF-8"?>
<!-- Generated by org.testng.reporters.JUnitReportReporter -->
<testsuite skipped="0" hostname="DESKTOP-C70N1KI" name="webappstest.switchapp" tests="1" failures="0" timestamp="27 Oct 2020 09:24:06 GMT" time="43.135" errors="0">
  <testcase name="insectapp3" time="43.135" classname="webappstest.switchapp"/>
</testsuite> <!-- webappstest.switchapp -->
