<?xml version="1.0" encoding="UTF-8"?>
<!-- Generated by org.testng.reporters.JUnitReportReporter -->
<testsuite skipped="0" hostname="DESKTOP-C70N1KI" name="com.appium.practice.instalapk2" tests="1" failures="0" timestamp="22 Oct 2020 06:59:14 GMT" time="37.453" errors="0">
  <testcase name="oppencal" time="37.453" classname="com.appium.practice.instalapk2"/>
</testsuite> <!-- com.appium.practice.instalapk2 -->
