<?xml version="1.0" encoding="UTF-8"?>
<!-- Generated by org.testng.reporters.JUnitReportReporter -->
<testsuite skipped="0" hostname="DESKTOP-C70N1KI" name="scroolbyswipe" tests="1" failures="0" timestamp="24 Oct 2020 06:47:18 GMT" time="31.142" errors="0">
  <testcase name="insectapp3" time="31.142" classname="scroolbyswipe"/>
</testsuite> <!-- scroolbyswipe -->
