<?xml version="1.0" encoding="UTF-8"?>
<!-- Generated by org.testng.reporters.JUnitReportReporter -->
<testsuite skipped="0" hostname="DESKTOP-C70N1KI" name="com.appium.practice.camera1" tests="1" failures="0" timestamp="26 Oct 2020 06:29:39 GMT" time="21.688" errors="0">
  <testcase name="insectapp51" time="21.688" classname="com.appium.practice.camera1"/>
</testsuite> <!-- com.appium.practice.camera1 -->
