<?xml version="1.0" encoding="UTF-8"?>
<!-- Generated by org.testng.reporters.JUnitReportReporter -->
<testsuite skipped="0" hostname="DESKTOP-C70N1KI" name="com.appium.practice.secondtest" tests="1" failures="0" timestamp="22 Oct 2020 05:01:02 GMT" time="17.164" errors="0">
  <testcase name="oppenmiaccount" time="17.164" classname="com.appium.practice.secondtest"/>
</testsuite> <!-- com.appium.practice.secondtest -->
