<?xml version="1.0" encoding="UTF-8"?>
<!-- Generated by org.testng.reporters.JUnitReportReporter -->
<testsuite skipped="0" hostname="DESKTOP-C70N1KI" name="com.appium.gesture.swipe" tests="1" failures="0" timestamp="25 Oct 2020 08:25:01 GMT" time="15.843" errors="0">
  <testcase name="insectapp4" time="15.843" classname="com.appium.gesture.swipe"/>
</testsuite> <!-- com.appium.gesture.swipe -->
