<?xml version="1.0" encoding="UTF-8"?>
<!-- Generated by org.testng.reporters.JUnitReportReporter -->
<testsuite skipped="0" hostname="DESKTOP-C70N1KI" name="com.appium.gesture.vooniksearch" tests="1" failures="0" timestamp="24 Oct 2020 07:36:54 GMT" time="27.399" errors="0">
  <testcase name="insectapp3" time="27.399" classname="com.appium.gesture.vooniksearch"/>
</testsuite> <!-- com.appium.gesture.vooniksearch -->
