<?xml version="1.0" encoding="UTF-8"?>
<!-- Generated by org.testng.reporters.JUnitReportReporter -->
<testsuite skipped="0" hostname="DESKTOP-C70N1KI" name="com.appium.practice.inspectapp" tests="1" failures="0" timestamp="22 Oct 2020 09:40:14 GMT" time="24.645" errors="0">
  <testcase name="insectapp2" time="24.645" classname="com.appium.practice.inspectapp"/>
</testsuite> <!-- com.appium.practice.inspectapp -->
