<?xml version="1.0" encoding="UTF-8"?>
<!-- Generated by org.testng.reporters.JUnitReportReporter -->
<testsuite skipped="0" hostname="DESKTOP-C70N1KI" name="com.appium.gesture.zooom" tests="1" failures="0" timestamp="25 Oct 2020 08:33:59 GMT" time="28.221" errors="0">
  <testcase name="insectapp3" time="28.221" classname="com.appium.gesture.zooom"/>
</testsuite> <!-- com.appium.gesture.zooom -->
