<?xml version="1.0" encoding="UTF-8"?>
<!-- Generated by org.testng.reporters.JUnitReportReporter -->
<testsuite skipped="0" hostname="DESKTOP-C70N1KI" name="com.appium.gesture.Dragdrop" tests="1" failures="0" timestamp="26 Oct 2020 03:51:29 GMT" time="42.615" errors="0">
  <testcase name="insectapp7" time="42.615" classname="com.appium.gesture.Dragdrop"/>
</testsuite> <!-- com.appium.gesture.Dragdrop -->
